<?xml version="1.0" encoding="UTF-8"?>
<testng-results ignored="0" total="1" passed="1" failed="0" skipped="0">
  <reporter-output>
  </reporter-output>
  <suite started-at="2024-03-06T16:39:58 IST" name="Default suite" finished-at="2024-03-06T16:40:38 IST" duration-ms="40222">
    <groups>
      <group name="cucumber">
        <method signature="AbstractTestNGCucumberTests.runScenario(io.cucumber.testng.PickleWrapper,io.cucumber.testng.FeatureWrapper)[pri:0, instance:test_Runner.Cucumber_Test_Runner@7d0b7e3c]" name="runScenario" class="io.cucumber.testng.AbstractTestNGCucumberTests"/>
      </group> <!-- cucumber -->
    </groups>
    <test started-at="2024-03-06T16:39:58 IST" name="Default test" finished-at="2024-03-06T16:40:38 IST" duration-ms="40222">
      <class name="test_Runner.Cucumber_Test_Runner">
        <test-method is-config="true" signature="setUpClass(org.testng.ITestContext)[pri:0, instance:test_Runner.Cucumber_Test_Runner@7d0b7e3c]" started-at="2024-03-06T16:39:58 IST" name="setUpClass" finished-at="2024-03-06T16:39:59 IST" duration-ms="917" status="PASS">
          <params>
            <param index="0">
              <value>
                <![CDATA[org.testng.TestRunner@6f9c5048]]>
              </value>
            </param>
          </params>
          <reporter-output>
          </reporter-output>
        </test-method> <!-- setUpClass -->
        <test-method signature="runScenario(io.cucumber.testng.PickleWrapper,io.cucumber.testng.FeatureWrapper)[pri:0, instance:test_Runner.Cucumber_Test_Runner@7d0b7e3c]" started-at="2024-03-06T16:39:59 IST" name="runScenario" description="Runs Cucumber Scenarios" data-provider="scenarios" finished-at="2024-03-06T16:40:38 IST" duration-ms="39176" status="PASS">
          <params>
            <param index="0">
              <value>
                <![CDATA["Validate Sausedemo application for order an Item"]]>
              </value>
            </param>
            <param index="1">
              <value>
                <![CDATA["Validate Sausedemo app ordered Item"]]>
              </value>
            </param>
          </params>
          <reporter-output>
          </reporter-output>
        </test-method> <!-- runScenario -->
        <test-method is-config="true" signature="tearDownClass()[pri:0, instance:test_Runner.Cucumber_Test_Runner@7d0b7e3c]" started-at="2024-03-06T16:40:38 IST" name="tearDownClass" finished-at="2024-03-06T16:40:38 IST" duration-ms="59" status="PASS">
          <reporter-output>
          </reporter-output>
        </test-method> <!-- tearDownClass -->
      </class> <!-- test_Runner.Cucumber_Test_Runner -->
    </test> <!-- Default test -->
  </suite> <!-- Default suite -->
</testng-results>
